2025-09-07 15:46:39 | INFO | __main__:49 | Logger loaded.
2025-09-07 15:46:39 | INFO | __main__:171 | STARTING main()..
2025-09-07 15:46:39 | INFO | __main__:172 | Byline:

**********************************************************
Kilimanjaro Analytics — Project Header
**********************************************************
Author:                     Agnes Mrutu
Motto:                      Hapa Kazi Tu.
Years Active:               5
Number of Employees:      25
Accepting New Clients?:     True
Hiring?:                    False
Remote Workshops?:          True
office Locations:         ['Dododma', 'Same', 'Karatu', 'Tukuyu', 'Mwakaleli']
Services:                   ['Data Analysis', 'Machine Learning', 'Business Intelligence']
Client Satisfaction Scores: [4.8, 4.6, 4.9, 5.0, 4.7]
Minimum Satisfaction Score: 4.6
Maximum Satisfaction Score: 5.0
Mean Satisfaction Score:    4.80
     Standard Deviation:    0.16
**********************************************************

2025-09-07 15:46:39 | INFO | __main__:183 | This module is organized like all Python modules.
2025-09-07 15:46:39 | INFO | __main__:184 | We write professional Python from the start.
2025-09-07 15:46:39 | INFO | __main__:185 | END main()...
2025-09-08 23:10:42 | INFO | automation_mrutu:49 | Logger loaded.
2025-09-08 23:10:42 | INFO | __main__:40 | Logger loaded.
2025-09-08 23:10:42.858 | INFO     | __main__:<module>:40 - Logger loaded.
2025-09-08 23:13:20 | INFO | automation_mrutu:49 | Logger loaded.
2025-09-08 23:13:20 | INFO | __main__:40 | Logger loaded.
2025-09-08 23:13:20.369 | INFO     | __main__:<module>:40 - Logger loaded.
2025-09-08 23:22:55 | INFO | automation_mrutu:49 | Logger loaded.
2025-09-08 23:22:55 | INFO | __main__:40 | Logger loaded.
2025-09-08 23:22:55.984 | INFO     | __main__:<module>:40 - Logger loaded.
2025-09-08 23:48:04 | INFO | automation_mrutu:49 | Logger loaded.
2025-09-08 23:48:04 | INFO | __main__:40 | Logger loaded.
2025-09-08 23:48:04.684 | INFO     | __main__:<module>:40 - Logger loaded.
2025-09-08 23:48:04 | INFO | __main__:209 | #####################################
2025-09-08 23:48:04.685 | INFO     | __main__:main:209 - #####################################
2025-09-08 23:48:04 | INFO | __main__:210 | # Starting execution of main()
2025-09-08 23:48:04.685 | INFO     | __main__:main:210 - # Starting execution of main()
2025-09-08 23:48:04 | INFO | __main__:211 | #####################################

2025-09-08 23:48:04.685 | INFO     | __main__:main:211 - #####################################

2025-09-08 23:48:04 | INFO | __main__:214 | Byline: 
**********************************************************
Kilimanjaro Analytics — Project Header
**********************************************************
Author:                     Agnes Mrutu
Motto:                      Hapa Kazi Tu.
Years Active:               5
Number of Employees:      25
Accepting New Clients?:     True
Hiring?:                    False
Remote Workshops?:          True
office Locations:         ['Dododma', 'Same', 'Karatu', 'Tukuyu', 'Mwakaleli']
Services:                   ['Data Analysis', 'Machine Learning', 'Business Intelligence']
Client Satisfaction Scores: [4.8, 4.6, 4.9, 5.0, 4.7]
Minimum Satisfaction Score: 4.6
Maximum Satisfaction Score: 5.0
Mean Satisfaction Score:    4.80
     Standard Deviation:    0.16
**********************************************************

2025-09-08 23:48:04.685 | INFO     | __main__:main:214 - Byline: 
**********************************************************
Kilimanjaro Analytics — Project Header
**********************************************************
Author:                     Agnes Mrutu
Motto:                      Hapa Kazi Tu.
Years Active:               5
Number of Employees:      25
Accepting New Clients?:     True
Hiring?:                    False
Remote Workshops?:          True
office Locations:         ['Dododma', 'Same', 'Karatu', 'Tukuyu', 'Mwakaleli']
Services:                   ['Data Analysis', 'Machine Learning', 'Business Intelligence']
Client Satisfaction Scores: [4.8, 4.6, 4.9, 5.0, 4.7]
Minimum Satisfaction Score: 4.6
Maximum Satisfaction Score: 5.0
Mean Satisfaction Score:    4.80
     Standard Deviation:    0.16
**********************************************************

2025-09-08 23:48:04 | INFO | __main__:76 | FUNCTION: create_folders_for_range()
2025-09-08 23:48:04.685 | INFO     | __main__:create_folders_for_range:76 - FUNCTION: create_folders_for_range()
2025-09-08 23:48:04 | INFO | __main__:77 | PARAMETERS: start_year = 2020, end_year = 2023
2025-09-08 23:48:04.686 | INFO     | __main__:create_folders_for_range:77 - PARAMETERS: start_year = 2020, end_year = 2023
2025-09-08 23:48:04 | INFO | __main__:82 | Created folder: C:\Repos\datafun-02-automation\2020
2025-09-08 23:48:04.686 | INFO     | __main__:create_folders_for_range:82 - Created folder: C:\Repos\datafun-02-automation\2020
2025-09-08 23:48:04 | INFO | __main__:82 | Created folder: C:\Repos\datafun-02-automation\2021
2025-09-08 23:48:04.686 | INFO     | __main__:create_folders_for_range:82 - Created folder: C:\Repos\datafun-02-automation\2021
2025-09-08 23:48:04 | INFO | __main__:82 | Created folder: C:\Repos\datafun-02-automation\2022
2025-09-08 23:48:04.687 | INFO     | __main__:create_folders_for_range:82 - Created folder: C:\Repos\datafun-02-automation\2022
2025-09-08 23:48:04 | INFO | __main__:82 | Created folder: C:\Repos\datafun-02-automation\2023
2025-09-08 23:48:04.687 | INFO     | __main__:create_folders_for_range:82 - Created folder: C:\Repos\datafun-02-automation\2023
2025-09-08 23:48:04 | INFO | __main__:102 | FUNCTION: create_folders_from_list()
2025-09-08 23:48:04.688 | INFO     | __main__:create_folders_from_list:102 - FUNCTION: create_folders_from_list()
2025-09-08 23:48:04 | INFO | __main__:103 | PARAMETER: folder_list = ['data-csv', 'data-excel', 'data-json']
2025-09-08 23:48:04.688 | INFO     | __main__:create_folders_from_list:103 - PARAMETER: folder_list = ['data-csv', 'data-excel', 'data-json']
2025-09-08 23:48:04 | INFO | __main__:109 | Created folder: C:\Repos\datafun-02-automation\data-csv
2025-09-08 23:48:04.688 | INFO     | __main__:create_folders_from_list:109 - Created folder: C:\Repos\datafun-02-automation\data-csv
2025-09-08 23:48:04 | INFO | __main__:109 | Created folder: C:\Repos\datafun-02-automation\data-excel
2025-09-08 23:48:04.689 | INFO     | __main__:create_folders_from_list:109 - Created folder: C:\Repos\datafun-02-automation\data-excel
2025-09-08 23:48:04 | INFO | __main__:109 | Created folder: C:\Repos\datafun-02-automation\data-json
2025-09-08 23:48:04.689 | INFO     | __main__:create_folders_from_list:109 - Created folder: C:\Repos\datafun-02-automation\data-json
2025-09-08 23:48:04 | INFO | __main__:131 | FUNCTION: create_prefixed_folders()
2025-09-08 23:48:04.690 | INFO     | __main__:create_prefixed_folders_using_list_comprehension:131 - FUNCTION: create_prefixed_folders()
2025-09-08 23:48:04 | INFO | __main__:132 | PARAMETERS: folder_list = ['csv', 'excel', 'json'], prefix = output-
2025-09-08 23:48:04.690 | INFO     | __main__:create_prefixed_folders_using_list_comprehension:132 - PARAMETERS: folder_list = ['csv', 'excel', 'json'], prefix = output-
2025-09-08 23:48:04 | INFO | __main__:138 | Created folder: C:\Repos\datafun-02-automation\output-csv
2025-09-08 23:48:04.690 | INFO     | __main__:create_prefixed_folders_using_list_comprehension:138 - Created folder: C:\Repos\datafun-02-automation\output-csv
2025-09-08 23:48:04 | INFO | __main__:138 | Created folder: C:\Repos\datafun-02-automation\output-excel
2025-09-08 23:48:04.690 | INFO     | __main__:create_prefixed_folders_using_list_comprehension:138 - Created folder: C:\Repos\datafun-02-automation\output-excel
2025-09-08 23:48:04 | INFO | __main__:138 | Created folder: C:\Repos\datafun-02-automation\output-json
2025-09-08 23:48:04.691 | INFO     | __main__:create_prefixed_folders_using_list_comprehension:138 - Created folder: C:\Repos\datafun-02-automation\output-json
2025-09-08 23:48:04 | INFO | __main__:156 | FUNCTION: create_folders_periodically()
2025-09-08 23:48:04.691 | INFO     | __main__:create_folders_periodically:156 - FUNCTION: create_folders_periodically()
2025-09-08 23:48:04 | INFO | __main__:157 | PARAMETER: duration_seconds = 5
2025-09-08 23:48:04.691 | INFO     | __main__:create_folders_periodically:157 - PARAMETER: duration_seconds = 5
2025-09-08 23:48:04 | INFO | __main__:164 | Created folder: C:\Repos\datafun-02-automation\periodic-folder-1
2025-09-08 23:48:04.692 | INFO     | __main__:create_folders_periodically:164 - Created folder: C:\Repos\datafun-02-automation\periodic-folder-1
2025-09-08 23:48:09 | INFO | __main__:167 | Waiting for 5 seconds before creating the next folder.
2025-09-08 23:48:09.692 | INFO     | __main__:create_folders_periodically:167 - Waiting for 5 seconds before creating the next folder.
2025-09-08 23:48:09 | INFO | __main__:164 | Created folder: C:\Repos\datafun-02-automation\periodic-folder-2
2025-09-08 23:48:09.695 | INFO     | __main__:create_folders_periodically:164 - Created folder: C:\Repos\datafun-02-automation\periodic-folder-2
2025-09-08 23:48:14 | INFO | __main__:167 | Waiting for 5 seconds before creating the next folder.
2025-09-08 23:48:14.695 | INFO     | __main__:create_folders_periodically:167 - Waiting for 5 seconds before creating the next folder.
2025-09-08 23:48:14 | INFO | __main__:164 | Created folder: C:\Repos\datafun-02-automation\periodic-folder-3
2025-09-08 23:48:14.698 | INFO     | __main__:create_folders_periodically:164 - Created folder: C:\Repos\datafun-02-automation\periodic-folder-3
2025-09-08 23:48:14 | INFO | __main__:188 | FUNCTION: create_standardized_folders()
2025-09-08 23:48:14.699 | INFO     | __main__:create_standardized_folders:188 - FUNCTION: create_standardized_folders()
2025-09-08 23:48:14 | INFO | __main__:189 | PARAMETERS: folder_list = ['North America', 'South America', 'Europe', 'Asia', 'Africa', 'Oceania', 'Middle East'], to_lowercase = True, remove_spaces = True
2025-09-08 23:48:14.699 | INFO     | __main__:create_standardized_folders:189 - PARAMETERS: folder_list = ['North America', 'South America', 'Europe', 'Asia', 'Africa', 'Oceania', 'Middle East'], to_lowercase = True, remove_spaces = True
2025-09-08 23:48:14 | INFO | __main__:199 | Created folder: C:\Repos\datafun-02-automation\northamerica (original: North America)
2025-09-08 23:48:14.701 | INFO     | __main__:create_standardized_folders:199 - Created folder: C:\Repos\datafun-02-automation\northamerica (original: North America)
2025-09-08 23:48:14 | INFO | __main__:199 | Created folder: C:\Repos\datafun-02-automation\southamerica (original: South America)
2025-09-08 23:48:14.702 | INFO     | __main__:create_standardized_folders:199 - Created folder: C:\Repos\datafun-02-automation\southamerica (original: South America)
2025-09-08 23:48:14 | INFO | __main__:199 | Created folder: C:\Repos\datafun-02-automation\europe (original: Europe)
2025-09-08 23:48:14.703 | INFO     | __main__:create_standardized_folders:199 - Created folder: C:\Repos\datafun-02-automation\europe (original: Europe)
2025-09-08 23:48:14 | INFO | __main__:199 | Created folder: C:\Repos\datafun-02-automation\asia (original: Asia)
2025-09-08 23:48:14.704 | INFO     | __main__:create_standardized_folders:199 - Created folder: C:\Repos\datafun-02-automation\asia (original: Asia)
2025-09-08 23:48:14 | INFO | __main__:199 | Created folder: C:\Repos\datafun-02-automation\africa (original: Africa)
2025-09-08 23:48:14.706 | INFO     | __main__:create_standardized_folders:199 - Created folder: C:\Repos\datafun-02-automation\africa (original: Africa)
2025-09-08 23:48:14 | INFO | __main__:199 | Created folder: C:\Repos\datafun-02-automation\oceania (original: Oceania)
2025-09-08 23:48:14.707 | INFO     | __main__:create_standardized_folders:199 - Created folder: C:\Repos\datafun-02-automation\oceania (original: Oceania)
2025-09-08 23:48:14 | INFO | __main__:199 | Created folder: C:\Repos\datafun-02-automation\middleeast (original: Middle East)
2025-09-08 23:48:14.708 | INFO     | __main__:create_standardized_folders:199 - Created folder: C:\Repos\datafun-02-automation\middleeast (original: Middle East)
2025-09-08 23:48:14 | INFO | __main__:235 | 
#####################################
2025-09-08 23:48:14.709 | INFO     | __main__:main:235 - 
#####################################
2025-09-08 23:48:14 | INFO | __main__:236 | # Completed execution of main()
2025-09-08 23:48:14.709 | INFO     | __main__:main:236 - # Completed execution of main()
2025-09-08 23:48:14 | INFO | __main__:237 | #####################################
2025-09-08 23:48:14.710 | INFO     | __main__:main:237 - #####################################
